[09:39:04] [ServerMain/INFO]: Building unoptimized datafixer
[09:39:05] [ServerMain/INFO]: Environment: authHost='https://authserver.mojang.com', accountsHost='https://api.mojang.com', sessionHost='https://sessionserver.mojang.com', servicesHost='https://api.minecraftservices.com', name='PROD'
[09:39:07] [ServerMain/INFO]: Loaded 7 recipes
[09:39:07] [ServerMain/INFO]: Loaded 1179 advancements
[09:39:08] [Server thread/INFO]: Starting minecraft server version 1.19
[09:39:08] [Server thread/INFO]: Loading properties
[09:39:08] [Server thread/INFO]: Default game type: SURVIVAL
[09:39:08] [Server thread/INFO]: Generating keypair
[09:39:09] [Server thread/INFO]: Starting Minecraft server on *:25565
[09:39:09] [Server thread/INFO]: Using epoll channel type
[09:39:09] [Server thread/INFO]: Preparing level "world"
[09:39:28] [Server thread/INFO]: Preparing start region for dimension minecraft:overworld
[09:39:29] [Worker-Main-2/INFO]: Preparing spawn area: 0%
[09:39:29] [Worker-Main-2/INFO]: Preparing spawn area: 0%
[09:39:29] [Worker-Main-1/INFO]: Preparing spawn area: 0%
[09:39:30] [Worker-Main-1/INFO]: Preparing spawn area: 0%
[09:39:30] [Worker-Main-1/INFO]: Preparing spawn area: 0%
[09:39:30] [Worker-Main-1/INFO]: Preparing spawn area: 0%
[09:39:31] [Worker-Main-3/INFO]: Preparing spawn area: 0%
[09:39:31] [Worker-Main-3/INFO]: Preparing spawn area: 1%
[09:39:32] [Worker-Main-3/INFO]: Preparing spawn area: 1%
[09:39:32] [Worker-Main-3/INFO]: Preparing spawn area: 2%
[09:39:33] [Worker-Main-1/INFO]: Preparing spawn area: 3%
[09:39:33] [Worker-Main-1/INFO]: Preparing spawn area: 3%
[09:39:34] [Worker-Main-1/INFO]: Preparing spawn area: 4%
[09:39:34] [Worker-Main-1/INFO]: Preparing spawn area: 5%
[09:39:35] [Worker-Main-1/INFO]: Preparing spawn area: 5%
[09:39:35] [Worker-Main-2/INFO]: Preparing spawn area: 6%
[09:39:36] [Worker-Main-2/INFO]: Preparing spawn area: 7%
[09:39:36] [Worker-Main-3/INFO]: Preparing spawn area: 8%
[09:39:37] [Worker-Main-1/INFO]: Preparing spawn area: 9%
[09:39:37] [Worker-Main-1/INFO]: Preparing spawn area: 10%
[09:39:38] [Worker-Main-2/INFO]: Preparing spawn area: 10%
[09:39:38] [Worker-Main-3/INFO]: Preparing spawn area: 12%
[09:39:39] [Worker-Main-3/INFO]: Preparing spawn area: 13%
[09:39:39] [Worker-Main-1/INFO]: Preparing spawn area: 15%
[09:39:40] [Worker-Main-3/INFO]: Preparing spawn area: 16%
[09:39:40] [Worker-Main-2/INFO]: Preparing spawn area: 17%
[09:39:41] [Worker-Main-1/INFO]: Preparing spawn area: 18%
[09:39:41] [Worker-Main-3/INFO]: Preparing spawn area: 20%
[09:39:42] [Worker-Main-2/INFO]: Preparing spawn area: 21%
[09:39:42] [Worker-Main-1/INFO]: Preparing spawn area: 22%
[09:39:43] [Worker-Main-3/INFO]: Preparing spawn area: 24%
[09:39:43] [Worker-Main-3/INFO]: Preparing spawn area: 25%
[09:39:44] [Worker-Main-2/INFO]: Preparing spawn area: 26%
[09:39:44] [Worker-Main-2/INFO]: Preparing spawn area: 28%
[09:39:45] [Worker-Main-1/INFO]: Preparing spawn area: 29%
[09:39:45] [Worker-Main-2/INFO]: Preparing spawn area: 31%
[09:39:46] [Worker-Main-1/INFO]: Preparing spawn area: 31%
[09:39:46] [Worker-Main-1/INFO]: Preparing spawn area: 33%
[09:39:47] [Worker-Main-3/INFO]: Preparing spawn area: 34%
[09:39:47] [Worker-Main-1/INFO]: Preparing spawn area: 36%
[09:39:48] [Worker-Main-3/INFO]: Preparing spawn area: 37%
[09:39:48] [Worker-Main-2/INFO]: Preparing spawn area: 40%
[09:39:49] [Worker-Main-1/INFO]: Preparing spawn area: 41%
[09:39:49] [Worker-Main-2/INFO]: Preparing spawn area: 42%
[09:39:50] [Worker-Main-2/INFO]: Preparing spawn area: 44%
[09:39:50] [Worker-Main-2/INFO]: Preparing spawn area: 46%
[09:39:51] [Worker-Main-1/INFO]: Preparing spawn area: 48%
[09:39:51] [Worker-Main-3/INFO]: Preparing spawn area: 50%
[09:39:52] [Worker-Main-1/INFO]: Preparing spawn area: 52%
[09:39:53] [Worker-Main-3/INFO]: Preparing spawn area: 54%
[09:39:53] [Worker-Main-2/INFO]: Preparing spawn area: 54%
[09:39:53] [Worker-Main-3/INFO]: Preparing spawn area: 55%
[09:39:54] [Worker-Main-2/INFO]: Preparing spawn area: 58%
[09:39:54] [Worker-Main-1/INFO]: Preparing spawn area: 59%
[09:39:55] [Worker-Main-3/INFO]: Preparing spawn area: 61%
[09:39:55] [Worker-Main-2/INFO]: Preparing spawn area: 63%
[09:39:56] [Worker-Main-3/INFO]: Preparing spawn area: 65%
[09:39:56] [Worker-Main-3/INFO]: Preparing spawn area: 67%
[09:39:57] [Worker-Main-2/INFO]: Preparing spawn area: 68%
[09:39:57] [Worker-Main-3/INFO]: Preparing spawn area: 69%
[09:39:58] [Worker-Main-3/INFO]: Preparing spawn area: 71%
[09:39:58] [Worker-Main-2/INFO]: Preparing spawn area: 72%
[09:39:59] [Worker-Main-1/INFO]: Preparing spawn area: 74%
[09:39:59] [Worker-Main-2/INFO]: Preparing spawn area: 77%
[09:40:00] [Worker-Main-3/INFO]: Preparing spawn area: 79%
[09:40:01] [Worker-Main-1/INFO]: Preparing spawn area: 81%
[09:40:01] [Worker-Main-3/INFO]: Preparing spawn area: 83%
[09:40:02] [Worker-Main-2/INFO]: Preparing spawn area: 84%
[09:40:02] [Worker-Main-3/INFO]: Preparing spawn area: 85%
[09:40:02] [Worker-Main-2/INFO]: Preparing spawn area: 87%
[09:40:03] [Worker-Main-1/INFO]: Preparing spawn area: 88%
[09:40:03] [Worker-Main-2/INFO]: Preparing spawn area: 91%
[09:40:04] [Worker-Main-2/INFO]: Preparing spawn area: 93%
[09:40:04] [Worker-Main-3/INFO]: Preparing spawn area: 95%
[09:40:05] [Worker-Main-2/INFO]: Preparing spawn area: 97%
[09:40:05] [Server thread/INFO]: Time elapsed: 37496 ms
[09:40:05] [Server thread/INFO]: Done (56.597s)! For help, type "help"
[09:40:16] [Server thread/INFO]: Stopping the server
[09:40:17] [Server thread/INFO]: Stopping server
[09:40:17] [Server thread/INFO]: Saving players
[09:40:17] [Server thread/INFO]: Saving worlds
[09:40:18] [Server thread/INFO]: Saving chunks for level 'ServerLevel[world]'/minecraft:overworld
[09:40:22] [Server thread/INFO]: Saving chunks for level 'ServerLevel[world]'/minecraft:the_end
[09:40:22] [Server thread/INFO]: Saving chunks for level 'ServerLevel[world]'/minecraft:the_nether
[09:40:22] [Server thread/INFO]: ThreadedAnvilChunkStorage (world): All chunks are saved
[09:40:22] [Server thread/INFO]: ThreadedAnvilChunkStorage (DIM1): All chunks are saved
[09:40:22] [Server thread/INFO]: ThreadedAnvilChunkStorage (DIM-1): All chunks are saved
[09:40:22] [Server thread/INFO]: ThreadedAnvilChunkStorage: All dimensions are saved
